\BOOKMARK [1][-]{section.1}{Integrantes del grupo}{}% 1
\BOOKMARK [1][-]{section.2}{Asistencia a las reuniones}{}% 2
\BOOKMARK [1][-]{section.3}{Descripci\363n del problema}{}% 3
\BOOKMARK [2][-]{subsection.3.1}{Caracter\355sticas del artefacto}{section.3}% 4
\BOOKMARK [3][-]{subsubsection.3.1.1}{Direcci\363n vertical}{subsection.3.1}% 5
\BOOKMARK [3][-]{subsubsection.3.1.2}{Zona sobreexpuesta}{subsection.3.1}% 6
\BOOKMARK [3][-]{subsubsection.3.1.3}{Grosor constante en la banda}{subsection.3.1}% 7
\BOOKMARK [3][-]{subsubsection.3.1.4}{No afecta a toda la banda de forma constante en horizontal}{subsection.3.1}% 8
\BOOKMARK [3][-]{subsubsection.3.1.5}{No afecta a toda la banda de forma constante en vertical}{subsection.3.1}% 9
\BOOKMARK [3][-]{subsubsection.3.1.6}{No es solo aumento en exposici\363n, sino tambi\351n cambio en temperatura de la luz}{subsection.3.1}% 10
\BOOKMARK [1][-]{section.4}{Imagenes a corregir}{}% 11
\BOOKMARK [1][-]{section.5}{Soluci\363n propuesta}{}% 12
\BOOKMARK [2][-]{subsection.5.1}{Acotaci\363n de la franja}{section.5}% 13
\BOOKMARK [2][-]{subsection.5.2}{Disminuci\363n de la exposici\363n}{section.5}% 14
\BOOKMARK [1][-]{section.6}{Ejecuci\363n comentada del algoritmo}{}% 15
\BOOKMARK [2][-]{subsection.6.1}{Librer\355as necesarias}{section.6}% 16
\BOOKMARK [2][-]{subsection.6.2}{Definici\363n de funciones}{section.6}% 17
\BOOKMARK [2][-]{subsection.6.3}{C\363digo de ejecuci\363n}{section.6}% 18
\BOOKMARK [1][-]{section.7}{An\341lisis de resultados}{}% 19
\BOOKMARK [1][-]{section.8}{Conclusiones}{}% 20
\BOOKMARK [1][-]{section.9}{Referencias}{}% 21
